{"C:\\jobs\\Gostack11Bootcamp\\desafio08-gomarketplace\\src\\hooks\\cart.tsx": {"path":"C:\\jobs\\Gostack11Bootcamp\\desafio08-gomarketplace\\src\\hooks\\cart.tsx","statementMap":{"0":{"start":{"line":26,"column":20},"end":{"line":26,"column":59}},"1":{"start":{"line":28,"column":31},"end":{"line":64,"column":1}},"2":{"start":{"line":29,"column":34},"end":{"line":29,"column":57}},"3":{"start":{"line":31,"column":2},"end":{"line":40,"column":9}},"4":{"start":{"line":33,"column":6},"end":{"line":36,"column":9}},"5":{"start":{"line":34,"column":8},"end":{"line":34,"column":40}},"6":{"start":{"line":35,"column":8},"end":{"line":35,"column":28}},"7":{"start":{"line":39,"column":4},"end":{"line":39,"column":19}},"8":{"start":{"line":42,"column":20},"end":{"line":48,"column":3}},"9":{"start":{"line":44,"column":6},"end":{"line":44,"column":45}},"10":{"start":{"line":45,"column":6},"end":{"line":45,"column":71}},"11":{"start":{"line":50,"column":20},"end":{"line":52,"column":8}},"12":{"start":{"line":54,"column":20},"end":{"line":56,"column":8}},"13":{"start":{"line":58,"column":16},"end":{"line":61,"column":3}},"14":{"start":{"line":59,"column":11},"end":{"line":59,"column":56}},"15":{"start":{"line":63,"column":2},"end":{"line":63,"column":79}},"16":{"start":{"line":67,"column":18},"end":{"line":67,"column":41}},"17":{"start":{"line":69,"column":2},"end":{"line":71,"column":3}},"18":{"start":{"line":70,"column":4},"end":{"line":70,"column":66}},"19":{"start":{"line":73,"column":2},"end":{"line":73,"column":17}}},"fnMap":{"0":{"name":"(anonymous_0)","decl":{"start":{"line":28,"column":31},"end":{"line":28,"column":32}},"loc":{"start":{"line":28,"column":49},"end":{"line":64,"column":1}},"line":28},"1":{"name":"(anonymous_1)","decl":{"start":{"line":31,"column":12},"end":{"line":31,"column":13}},"loc":{"start":{"line":31,"column":18},"end":{"line":40,"column":3}},"line":31},"2":{"name":"loadProducts","decl":{"start":{"line":32,"column":19},"end":{"line":32,"column":31}},"loc":{"start":{"line":32,"column":49},"end":{"line":37,"column":5}},"line":32},"3":{"name":"(anonymous_3)","decl":{"start":{"line":33,"column":45},"end":{"line":33,"column":46}},"loc":{"start":{"line":33,"column":62},"end":{"line":36,"column":7}},"line":33},"4":{"name":"(anonymous_4)","decl":{"start":{"line":43,"column":4},"end":{"line":43,"column":5}},"loc":{"start":{"line":43,"column":21},"end":{"line":46,"column":5}},"line":43},"5":{"name":"(anonymous_5)","decl":{"start":{"line":50,"column":32},"end":{"line":50,"column":33}},"loc":{"start":{"line":50,"column":44},"end":{"line":52,"column":3}},"line":50},"6":{"name":"(anonymous_6)","decl":{"start":{"line":54,"column":32},"end":{"line":54,"column":33}},"loc":{"start":{"line":54,"column":44},"end":{"line":56,"column":3}},"line":54},"7":{"name":"(anonymous_7)","decl":{"start":{"line":59,"column":4},"end":{"line":59,"column":5}},"loc":{"start":{"line":59,"column":11},"end":{"line":59,"column":56}},"line":59},"8":{"name":"useCart","decl":{"start":{"line":66,"column":9},"end":{"line":66,"column":16}},"loc":{"start":{"line":66,"column":32},"end":{"line":74,"column":1}},"line":66}},"branchMap":{"0":{"loc":{"start":{"line":69,"column":2},"end":{"line":71,"column":3}},"type":"if","locations":[{"start":{"line":69,"column":2},"end":{"line":71,"column":3}},{"start":{"line":69,"column":2},"end":{"line":71,"column":3}}],"line":69}},"s":{"0":1,"1":1,"2":5,"3":5,"4":5,"5":0,"6":0,"7":5,"8":5,"9":4,"10":0,"11":5,"12":5,"13":5,"14":5,"15":5,"16":5,"17":5,"18":0,"19":5},"f":{"0":5,"1":5,"2":5,"3":0,"4":4,"5":3,"6":2,"7":5,"8":5},"b":{"0":[0,5]},"_coverageSchema":"43e27e138ebf9cfc5966b082cf9a028302ed4184","hash":"b8403eb479a7c9d9d9580eb627d8d555687d1b04"}
,"C:\\jobs\\Gostack11Bootcamp\\desafio08-gomarketplace\\src\\pages\\Cart\\index.tsx": {"path":"C:\\jobs\\Gostack11Bootcamp\\desafio08-gomarketplace\\src\\pages\\Cart\\index.tsx","statementMap":{"0":{"start":{"line":38,"column":23},"end":{"line":115,"column":1}},"1":{"start":{"line":39,"column":45},"end":{"line":39,"column":54}},"2":{"start":{"line":49,"column":20},"end":{"line":53,"column":16}},"3":{"start":{"line":52,"column":4},"end":{"line":52,"column":26}},"4":{"start":{"line":55,"column":27},"end":{"line":59,"column":16}},"5":{"start":{"line":58,"column":4},"end":{"line":58,"column":13}},"6":{"start":{"line":61,"column":2},"end":{"line":114,"column":4}},"7":{"start":{"line":66,"column":32},"end":{"line":66,"column":39}},"8":{"start":{"line":72,"column":12},"end":{"line":104,"column":22}},"9":{"start":{"line":93,"column":33},"end":{"line":93,"column":57}},"10":{"start":{"line":99,"column":33},"end":{"line":99,"column":57}}},"fnMap":{"0":{"name":"(anonymous_0)","decl":{"start":{"line":38,"column":23},"end":{"line":38,"column":24}},"loc":{"start":{"line":38,"column":29},"end":{"line":115,"column":1}},"line":38},"1":{"name":"handleIncrement","decl":{"start":{"line":41,"column":11},"end":{"line":41,"column":26}},"loc":{"start":{"line":41,"column":45},"end":{"line":43,"column":3}},"line":41},"2":{"name":"handleDecrement","decl":{"start":{"line":45,"column":11},"end":{"line":45,"column":26}},"loc":{"start":{"line":45,"column":45},"end":{"line":47,"column":3}},"line":45},"3":{"name":"(anonymous_3)","decl":{"start":{"line":49,"column":28},"end":{"line":49,"column":29}},"loc":{"start":{"line":49,"column":34},"end":{"line":53,"column":3}},"line":49},"4":{"name":"(anonymous_4)","decl":{"start":{"line":55,"column":35},"end":{"line":55,"column":36}},"loc":{"start":{"line":55,"column":41},"end":{"line":59,"column":3}},"line":55},"5":{"name":"(anonymous_5)","decl":{"start":{"line":66,"column":24},"end":{"line":66,"column":25}},"loc":{"start":{"line":66,"column":32},"end":{"line":66,"column":39}},"line":66},"6":{"name":"(anonymous_6)","decl":{"start":{"line":71,"column":22},"end":{"line":71,"column":23}},"loc":{"start":{"line":72,"column":12},"end":{"line":104,"column":22}},"line":72},"7":{"name":"(anonymous_7)","decl":{"start":{"line":93,"column":27},"end":{"line":93,"column":28}},"loc":{"start":{"line":93,"column":33},"end":{"line":93,"column":57}},"line":93},"8":{"name":"(anonymous_8)","decl":{"start":{"line":99,"column":27},"end":{"line":99,"column":28}},"loc":{"start":{"line":99,"column":33},"end":{"line":99,"column":57}},"line":99}},"branchMap":{},"s":{"0":1,"1":5,"2":5,"3":5,"4":5,"5":5,"6":5,"7":8,"8":8,"9":1,"10":1},"f":{"0":5,"1":1,"2":1,"3":5,"4":5,"5":8,"6":8,"7":1,"8":1},"b":{},"_coverageSchema":"43e27e138ebf9cfc5966b082cf9a028302ed4184","hash":"8245b8d7e4fbde257f86c9e280e6d772486ef157"}
,"C:\\jobs\\Gostack11Bootcamp\\desafio08-gomarketplace\\src\\pages\\Cart\\styles.ts": {"path":"C:\\jobs\\Gostack11Bootcamp\\desafio08-gomarketplace\\src\\pages\\Cart\\styles.ts","statementMap":{"0":{"start":{"line":12,"column":25},"end":{"line":15,"column":1}},"1":{"start":{"line":17,"column":32},"end":{"line":22,"column":1}},"2":{"start":{"line":24,"column":27},"end":{"line":26,"column":1}},"3":{"start":{"line":28,"column":23},"end":{"line":34,"column":1}},"4":{"start":{"line":36,"column":28},"end":{"line":39,"column":1}},"5":{"start":{"line":41,"column":37},"end":{"line":44,"column":1}},"6":{"start":{"line":46,"column":28},"end":{"line":48,"column":1}},"7":{"start":{"line":50,"column":37},"end":{"line":52,"column":1}},"8":{"start":{"line":54,"column":30},"end":{"line":57,"column":1}},"9":{"start":{"line":59,"column":34},"end":{"line":63,"column":1}},"10":{"start":{"line":65,"column":28},"end":{"line":71,"column":1}},"11":{"start":{"line":73,"column":31},"end":{"line":80,"column":1}},"12":{"start":{"line":82,"column":31},"end":{"line":88,"column":1}},"13":{"start":{"line":90,"column":28},"end":{"line":95,"column":1}},"14":{"start":{"line":97,"column":38},"end":{"line":107,"column":1}},"15":{"start":{"line":109,"column":33},"end":{"line":116,"column":1}},"16":{"start":{"line":118,"column":29},"end":{"line":122,"column":1}}},"fnMap":{},"branchMap":{},"s":{"0":1,"1":1,"2":1,"3":1,"4":1,"5":1,"6":1,"7":1,"8":1,"9":1,"10":1,"11":1,"12":1,"13":1,"14":1,"15":1,"16":1},"f":{},"b":{},"_coverageSchema":"43e27e138ebf9cfc5966b082cf9a028302ed4184","hash":"64348ffe64d8d690d329123337d1ec49f7101708"}
}
