TN:
SF:C:\jobs\Gostack11Bootcamp\desafio08-gomarketplace\src\hooks\cart.tsx
FN:28,(anonymous_0)
FN:31,(anonymous_1)
FN:32,loadProducts
FN:33,(anonymous_3)
FN:43,(anonymous_4)
FN:50,(anonymous_5)
FN:54,(anonymous_6)
FN:59,(anonymous_7)
FN:66,useCart
FNF:9
FNH:8
FNDA:5,(anonymous_0)
FNDA:5,(anonymous_1)
FNDA:5,loadProducts
FNDA:0,(anonymous_3)
FNDA:4,(anonymous_4)
FNDA:3,(anonymous_5)
FNDA:2,(anonymous_6)
FNDA:5,(anonymous_7)
FNDA:5,useCart
DA:26,1
DA:28,1
DA:29,5
DA:31,5
DA:33,5
DA:34,0
DA:35,0
DA:39,5
DA:42,5
DA:44,4
DA:45,0
DA:50,5
DA:54,5
DA:58,5
DA:59,5
DA:63,5
DA:67,5
DA:69,5
DA:70,0
DA:73,5
LF:20
LH:16
BRDA:69,0,0,0
BRDA:69,0,1,5
BRF:2
BRH:1
end_of_record
TN:
SF:C:\jobs\Gostack11Bootcamp\desafio08-gomarketplace\src\pages\Cart\index.tsx
FN:38,(anonymous_0)
FN:41,handleIncrement
FN:45,handleDecrement
FN:49,(anonymous_3)
FN:55,(anonymous_4)
FN:66,(anonymous_5)
FN:71,(anonymous_6)
FN:93,(anonymous_7)
FN:99,(anonymous_8)
FNF:9
FNH:9
FNDA:5,(anonymous_0)
FNDA:1,handleIncrement
FNDA:1,handleDecrement
FNDA:5,(anonymous_3)
FNDA:5,(anonymous_4)
FNDA:8,(anonymous_5)
FNDA:8,(anonymous_6)
FNDA:1,(anonymous_7)
FNDA:1,(anonymous_8)
DA:38,1
DA:39,5
DA:49,5
DA:52,5
DA:55,5
DA:58,5
DA:61,5
DA:66,8
DA:72,8
DA:93,1
DA:99,1
LF:11
LH:11
BRF:0
BRH:0
end_of_record
TN:
SF:C:\jobs\Gostack11Bootcamp\desafio08-gomarketplace\src\pages\Cart\styles.ts
FNF:0
FNH:0
DA:12,1
DA:17,1
DA:24,1
DA:28,1
DA:36,1
DA:41,1
DA:46,1
DA:50,1
DA:54,1
DA:59,1
DA:65,1
DA:73,1
DA:82,1
DA:90,1
DA:97,1
DA:109,1
DA:118,1
LF:17
LH:17
BRF:0
BRH:0
end_of_record
